<?xml version="1.0" encoding="UTF-8"?>
<beans xmlns="http://www.springframework.org/schema/beans"
       xmlns:xsi="http://www.w3.org/2001/XMLSchema-instance"
       xsi:schemaLocation="http://www.springframework.org/schema/beans http://www.springframework.org/schema/beans/spring-beans.xsd">

    <bean id="authenticationManager" class="org.mockito.Mockito" factory-method="mock">
        <constructor-arg value="com.globallogic.store.rest.security.AuthenticationController"/>
    </bean>

    <bean id="tokenUtil" class="com.globallogic.store.security.jwt.TokenUtil"/>
</beans>